<?xml version="1.0" encoding="UTF-8"?>
<testsuite xmlns:xsi="http://www.w3.org/2001/XMLSchema-instance" xsi:noNamespaceSchemaLocation="https://maven.apache.org/surefire/maven-surefire-plugin/xsd/surefire-test-report.xsd" version="3.0.1" name="com.fajdev.TaskTracker.TaskTrackerTest" time="0.14" tests="7" errors="0" skipped="0" failures="0">
  <properties>
[...]
</properties>
  <testcase name="testMainWithAddCommandAndNoTaskName" classname="com.fajdev.TaskTracker.TaskTrackerTest" time="0.021">
    <system-err><![CDATA[SLF4J(W): No SLF4J providers were found.
SLF4J(W): Defaulting to no-operation (NOP) logger implementation
SLF4J(W): See https://www.slf4j.org/codes.html#noProviders for further details.
]]></system-err>
  </testcase>
  <testcase name="testMainWithoutArgs" classname="com.fajdev.TaskTracker.TaskTrackerTest" time="0.002"/>
  <testcase name="testMainWithUpdateCommandAndIDButNoStatus" classname="com.fajdev.TaskTracker.TaskTrackerTest" time="0.001"/>
  <testcase name="testMainWithInvalidCommand" classname="com.fajdev.TaskTracker.TaskTrackerTest" time="0.001"/>
  <testcase name="testMainWithUpdateCommandAndNoIDOrStatus" classname="com.fajdev.TaskTracker.TaskTrackerTest" time="0.001"/>
  <testcase name="testMainWithDeleteCommandAndNoID" classname="com.fajdev.TaskTracker.TaskTrackerTest" time="0.001"/>
  <testcase name="testMainWithAddCommandAndTaskName" classname="com.fajdev.TaskTracker.TaskTrackerTest" time="0.059"/>
</testsuite>